<?xml version="1.0" encoding="UTF-8"?>
<!-- Generated by org.testng.reporters.JUnitXMLReporter -->
<testsuite hostname="wudeiMac.local" name="乐乘|诊断" tests="4" failures="0" timestamp="9 Sep 2014 07:25:10 GMT" time="174.919" errors="0">
  <testcase name="toNotConOBDTest on test.lecheng.diagnose.TheNotConOBD[name=InstrumentDriverTestCase,maxpri=10]" time="26.471" classname="test.lecheng.diagnose.TheNotConOBD"/>
  <testcase name="toNotConOBDTest on test.lecheng.diagnose.TheNotConOBD[name=InstrumentDriverTestCase,maxpri=10]" time="39.112" classname="test.lecheng.diagnose.TheNotConOBD"/>
  <testcase name="toNotConOBDTest on test.lecheng.diagnose.TheNotConOBD[name=InstrumentDriverTestCase,maxpri=10]" time="48.621" classname="test.lecheng.diagnose.TheNotConOBD"/>
  <testcase name="toNotConOBDTest on test.lecheng.diagnose.TheNotConOBD[name=InstrumentDriverTestCase,maxpri=10]" time="52.663" classname="test.lecheng.diagnose.TheNotConOBD"/>
</testsuite> <!-- 乐乘|诊断 -->
