<?xml version="1.0" encoding="UTF-8"?>
<!-- Generated by org.testng.reporters.JUnitXMLReporter -->
<testsuite hostname="wudeiMac.local" name="乐乘|安防" tests="20" failures="2" timestamp="9 Sep 2014 07:42:00 GMT" time="1009.25" errors="0">
  <testcase name="toSwitchTest on test.lecheng.security.TheSecurityTest[name=InstrumentDriverTestCase,maxpri=10]" time="37.097" classname="test.lecheng.security.TheSecurityTest"/>
  <testcase name="toSwitchTest on test.lecheng.security.TheSecurityTest[name=InstrumentDriverTestCase,maxpri=10]" time="52.815" classname="test.lecheng.security.TheSecurityTest"/>
  <testcase name="toSwitchTest on test.lecheng.security.TheSecurityTest[name=InstrumentDriverTestCase,maxpri=10]" time="51.484" classname="test.lecheng.security.TheSecurityTest"/>
  <testcase name="toSwitchTest on test.lecheng.security.TheSecurityTest[name=InstrumentDriverTestCase,maxpri=10]" time="40.321" classname="test.lecheng.security.TheSecurityTest"/>
  <testcase name="toSwitchTest on test.lecheng.security.TheSecurityTest[name=InstrumentDriverTestCase,maxpri=10]" time="22.065" classname="test.lecheng.security.TheSecurityTest"/>
  <testcase name="toSwitchTest on test.lecheng.security.TheSecurityTest[name=InstrumentDriverTestCase,maxpri=10]" time="28.166" classname="test.lecheng.security.TheSecurityTest"/>
  <testcase name="toSwitchTest on test.lecheng.security.TheSecurityTest[name=InstrumentDriverTestCase,maxpri=10]" time="41.031" classname="test.lecheng.security.TheSecurityTest"/>
  <testcase name="toSwitchTest on test.lecheng.security.TheSecurityTest[name=InstrumentDriverTestCase,maxpri=10]" time="41.563" classname="test.lecheng.security.TheSecurityTest"/>
  <testcase name="toSwitchTest on test.lecheng.security.TheSecurityTest[name=InstrumentDriverTestCase,maxpri=10]" time="40.08" classname="test.lecheng.security.TheSecurityTest"/>
  <testcase name="toSwitchTest on test.lecheng.security.TheSecurityTest[name=InstrumentDriverTestCase,maxpri=10]" time="47.681" classname="test.lecheng.security.TheSecurityTest"/>
  <testcase name="toSwitchTest on test.lecheng.security.TheSecurityTest[name=InstrumentDriverTestCase,maxpri=10]" time="43.742" classname="test.lecheng.security.TheSecurityTest"/>
  <testcase name="toSwitchTest on test.lecheng.security.TheSecurityTest[name=InstrumentDriverTestCase,maxpri=10]" time="45.48" classname="test.lecheng.security.TheSecurityTest"/>
  <testcase name="toSwitchTest on test.lecheng.security.TheSecurityTest[name=InstrumentDriverTestCase,maxpri=10]" time="46.668" classname="test.lecheng.security.TheSecurityTest"/>
  <testcase name="toSwitchTest on test.lecheng.security.TheSecurityTest[name=InstrumentDriverTestCase,maxpri=10]" time="45.237" classname="test.lecheng.security.TheSecurityTest"/>
  <testcase name="toSwitchTest on test.lecheng.security.TheSecurityTest[name=InstrumentDriverTestCase,maxpri=10]" time="53.585" classname="test.lecheng.security.TheSecurityTest"/>
  <testcase name="toSwitchTest on test.lecheng.security.TheSecurityTest[name=InstrumentDriverTestCase,maxpri=10]" time="48.705" classname="test.lecheng.security.TheSecurityTest">
    <failure type="java.lang.AssertionError" message="未获取关闭勿扰开关文本 expected object to not be null">
      <![CDATA[java.lang.AssertionError: 未获取关闭勿扰开关文本 expected object to not be null
	at test.lecheng.security.TheSecurityTest.toSwitchTest(TheSecurityTest.java:93)
... Removed 26 stack frames]]>
    </failure>
  </testcase> <!-- toSwitchTest on test.lecheng.security.TheSecurityTest[name=InstrumentDriverTestCase,maxpri=10] -->
  <testcase name="toSwitchTest on test.lecheng.security.TheSecurityTest[name=InstrumentDriverTestCase,maxpri=10]" time="65.117" classname="test.lecheng.security.TheSecurityTest"/>
  <testcase name="toSwitchTest on test.lecheng.security.TheSecurityTest[name=InstrumentDriverTestCase,maxpri=10]" time="64.858" classname="test.lecheng.security.TheSecurityTest"/>
  <testcase name="toSwitchTest on test.lecheng.security.TheSecurityTest[name=InstrumentDriverTestCase,maxpri=10]" time="61.323" classname="test.lecheng.security.TheSecurityTest"/>
  <testcase name="toSwitchTest on test.lecheng.security.TheSecurityTest[name=InstrumentDriverTestCase,maxpri=10]" time="91.483" classname="test.lecheng.security.TheSecurityTest">
    <failure type="java.lang.AssertionError" message="判断 安防开关已关闭信息 expected object to not be null">
      <![CDATA[java.lang.AssertionError: 判断 安防开关已关闭信息 expected object to not be null
	at test.lecheng.security.TheSecurityTest.toSwitchTest(TheSecurityTest.java:132)
... Removed 25 stack frames]]>
    </failure>
  </testcase> <!-- toSwitchTest on test.lecheng.security.TheSecurityTest[name=InstrumentDriverTestCase,maxpri=10] -->
</testsuite> <!-- 乐乘|安防 -->
