<?xml version="1.0" encoding="UTF-8"?>
<!-- Generated by org.testng.reporters.JUnitXMLReporter -->
<testsuite hostname="wudeiMac.local" name="乐乘|行程报告" tests="12" failures="0" timestamp="9 Sep 2014 07:51:46 GMT" time="586.616" errors="0">
  <testcase name="toCarReportTest on test.lecheng.report.TheCarReportTest[name=InstrumentDriverTestCase,maxpri=10]" time="41.636" classname="test.lecheng.report.TheCarReportTest"/>
  <testcase name="toCarReportTest on test.lecheng.report.TheCarReportTest[name=InstrumentDriverTestCase,maxpri=10]" time="53.448" classname="test.lecheng.report.TheCarReportTest"/>
  <testcase name="toCarReportTest on test.lecheng.report.TheCarReportTest[name=InstrumentDriverTestCase,maxpri=10]" time="42.434" classname="test.lecheng.report.TheCarReportTest"/>
  <testcase name="toCarReportTest on test.lecheng.report.TheCarReportTest[name=InstrumentDriverTestCase,maxpri=10]" time="41.5" classname="test.lecheng.report.TheCarReportTest"/>
  <testcase name="toCarReportTest on test.lecheng.report.TheCarReportTest[name=InstrumentDriverTestCase,maxpri=10]" time="41.815" classname="test.lecheng.report.TheCarReportTest"/>
  <testcase name="toCarReportTest on test.lecheng.report.TheCarReportTest[name=InstrumentDriverTestCase,maxpri=10]" time="45.189" classname="test.lecheng.report.TheCarReportTest"/>
  <testcase name="toCarReportTest on test.lecheng.report.TheCarReportTest[name=InstrumentDriverTestCase,maxpri=10]" time="41.757" classname="test.lecheng.report.TheCarReportTest"/>
  <testcase name="toCarReportTest on test.lecheng.report.TheCarReportTest[name=InstrumentDriverTestCase,maxpri=10]" time="42.758" classname="test.lecheng.report.TheCarReportTest"/>
  <testcase name="toCarReportTest on test.lecheng.report.TheCarReportTest[name=InstrumentDriverTestCase,maxpri=10]" time="47.797" classname="test.lecheng.report.TheCarReportTest"/>
  <testcase name="toCarReportTest on test.lecheng.report.TheCarReportTest[name=InstrumentDriverTestCase,maxpri=10]" time="50.751" classname="test.lecheng.report.TheCarReportTest"/>
  <testcase name="toCarReportTest on test.lecheng.report.TheCarReportTest[name=InstrumentDriverTestCase,maxpri=10]" time="60.107" classname="test.lecheng.report.TheCarReportTest"/>
  <testcase name="toCarReportTest on test.lecheng.report.TheCarReportTest[name=InstrumentDriverTestCase,maxpri=10]" time="48.382" classname="test.lecheng.report.TheCarReportTest"/>
</testsuite> <!-- 乐乘|行程报告 -->
