<?xml version="1.0" encoding="UTF-8"?>
<!-- Generated by org.testng.reporters.JUnitXMLReporter -->
<testsuite hostname="jddeiMac.local" name="乐乘｜登陆" tests="1" failures="1" timestamp="6 Dec 2016 07:59:21 GMT" time="31.232" errors="0">
  <testcase name="toLoginTest on test.lecheng.login.TheLoginTest[name=InstrumentDriverTestCase,maxpri=10]" time="27.697" classname="test.lecheng.login.TheLoginTest">
    <failure type="java.lang.ArrayIndexOutOfBoundsException" message="3">
      <![CDATA[java.lang.ArrayIndexOutOfBoundsException: 3
	at carsmart.lecheng.login.Login.toLogin(Login.java:35)
	at test.lecheng.login.TheLoginTest.toLoginTest(TheLoginTest.java:26)
... Removed 30 stack frames]]>
    </failure>
  </testcase> <!-- toLoginTest on test.lecheng.login.TheLoginTest[name=InstrumentDriverTestCase,maxpri=10] -->
</testsuite> <!-- 乐乘｜登陆 -->
