<?xml version="1.0" encoding="UTF-8" ?>
<testsuite failures="1" time="33.677" errors="0" skipped="0" tests="1" name="TestSuite">
  <properties>
[...]
</properties>
  <testcase time="27.712" classname="test.lecheng.login.TheLoginTest" name="toLoginTest on test.lecheng.login.TheLoginTest[name=InstrumentDriverTestCase,maxpri=10]">
    <failure message="3" type="java.lang.ArrayIndexOutOfBoundsException">java.lang.ArrayIndexOutOfBoundsException: 3
	at carsmart.lecheng.login.Login.toLogin(Login.java:35)
	at test.lecheng.login.TheLoginTest.toLoginTest(TheLoginTest.java:26)
</failure>
    <system-err>some commands from BufferReader,send to Mysocket
/Applications/Xcode.app/Contents/Developer
some commands from BufferReader,send to Mysocket
/Applications/Xcode.app/Contents/Developer/../Applications/Instruments.app/Contents/PlugIns/AutomationInstrument.xrplugin/Contents/Resources/Automation.tracetemplate
some commands from BufferReader,send to Mysocket
instruments -w 076dbbea77c62e6d984fc45a97612f34b01cf401 -t /Applications/Xcode.app/Contents/Developer/../Applications/Instruments.app/Contents/PlugIns/AutomationInstrument.xrplugin/Contents/Resources/Automation.tracetemplate -D instrumentsDriver /Users/iosTest/Desktop/APP/v1.5.0/WeiBo.app -e UIASCRIPT /Users/iosTest/InstrumentDriver/CSRunner.js -e UIARESULTSPATH /Users/iosTest/InstrumentDriver/log/ -v
some commands from BufferReader,send to Mysocket
2016-12-06 07:59:07 Start: The case is running.
some commands from BufferReader,send to Mysocket
2016-12-06 07:59:08 Default: stdout : voidType##target.delay(1)
some commands from BufferReader,send to Mysocket

some commands from BufferReader,send to Mysocket
2016-12-06 07:59:09 Default: sendToServer [Step : 2]true
some commands from BufferReader,send to Mysocket
2016-12-06 07:59:10 Default: stdout : stringType##findElement(&apos;win&apos;,&apos;登&apos;,0,&apos;UIAButton&apos;)
some commands from BufferReader,send to Mysocket

some commands from BufferReader,send to Mysocket
2016-12-06 07:59:10 Default: sendToServer [Step : 3]UIAElementNil

UIAElementNil. 元素 win 下，根据条件: text =&apos;登&apos;,index =0,elmentType =&apos;UIAButton&apos; 未能找到对应元素!
some commands from BufferReader,send to Mysocket
2016-12-06 07:59:11 Default: stdout : JSONArray##win.buttons()
some commands from BufferReader,send to Mysocket

</system-err>
  </testcase>
</testsuite>