<html xmlns:math="http://exslt.org/math" xmlns:testng="http://testng.org">
   <head>
      <title>AutoTest4IOS Results</title>
      <meta http-equiv="content-type" content="text/html; charset=utf-8"></meta>
      <meta http-equiv="pragma" content="no-cache"></meta>
      <meta http-equiv="cache-control" content="max-age=0"></meta>
      <meta http-equiv="cache-control" content="no-cache"></meta>
      <meta http-equiv="cache-control" content="no-store"></meta>
      <LINK rel="stylesheet" href="style.css"></LINK>
      <script type="text/javascript" src="main.js"></script>
   </head>
   <body>
      <table width="100%" style="font-size: 16px; margin-bottom: 10px;" cellspacing="1">
         <tr>
            <td width="100%">
               All methods in suite
               
               <b>乐乘</b>
            </td>
            <td style="background-color: #FFBBBB; padding: 3px 3px 3px 0;" align="center">
               <div style="width: 50px;">1</div>
            </td>
            <td style="background-color: lightgreen; padding: 3px 3px 3px 0;" align="center">
               <div style="width: 50px;">0</div>
            </td>
            <td style="background-color: #FFFFBB; padding: 3px 3px 3px 0;" align="center">
               <div style="width: 50px;">0</div>
            </td>
            <td align="center" style="background-color: #eaf0f7; padding: 3px 3px 3px 0;">
               <div style="width: 50px;">1</div>
            </td>
            <td align="center"
                style="font-weight: bold; background-color: #eaf0f7; padding: 3px 3px 3px 0;">
               <div style="width: 50px;">0%</div>
            </td>
            <td style="background-color: #eaf0f7; padding: 3px 3px 3px 0;" align="center"
                nowrap="true">32s
               
            </td>
         </tr>
      </table>
      <div style="width: 200px;">
         <label for="groupMethodsCheckBox" style="font-weight: bold; margin: 0;">
            <input id="groupMethodsCheckBox" type="checkbox" onclick="switchTestMethodsView(this)"></input>
            Group by class
            
         </label>
         <br></br>
         <label for="methodsFilter_ALL" style="font-weight: bold; margin: 0;">
            <input id="methodsFilter_ALL" type="checkbox"
                   onclick="testMethodsFilterChanged(this, 'ALL')"></input>
            All
            
         </label>
      </div>
      <label for="methodsFilter_FAIL" style="margin-left: 20px;">
         <input id="methodsFilter_FAIL" type="checkbox"
                onclick="testMethodsFilterChanged(this, 'FAIL')"
                checked=""></input>
         Failed
         
      </label>
      <label for="methodsFilter_PASS">
         <input id="methodsFilter_PASS" type="checkbox"
                onclick="testMethodsFilterChanged(this, 'PASS')"
                checked=""></input>
         Passed
         
      </label>
      <label for="methodsFilter_SKIP">
         <input id="methodsFilter_SKIP" type="checkbox"
                onclick="testMethodsFilterChanged(this, 'SKIP')"
                checked=""></input>
         Skipped
         
      </label>
      <label for="methodsFilter_CONF">
         <input id="methodsFilter_CONF" type="checkbox"
                onclick="testMethodsFilterChanged(this, 'CONF')"></input>
         Config
         
      </label>
      <br></br>
      <div id="testMethodsByStatus">
         <table class="testMethodsTable" cellpadding="0" cellspacing="0">
            <tr class="methodsTableHeader">
               <td width="100%">Name</td>
               <td nowrap="true">Started</td>
               <td nowrap="true">Duration</td>
               <td>Exception</td>
            </tr>
            <tr id="test.lecheng.login.TheLoginTest_toLoginTest_byStatus_failed_FAIL1_row"
                class="testMethodStatusFAIL">
               <td width="100%" class="firstMethodCell">
                  <a onclick="toggleDetailsVisibility('test.lecheng.login.TheLoginTest_toLoginTest_byStatus_failed_FAIL1_details')">toLoginTest({实际输出=［测试脚本]出现异常，案例执行失败！java.lang.ArrayIndexOutOfBoundsException: 3, 测试结果=FAIL, 案例编号=自动化案例-001, 姓名=, 预期输出=登陆后，正常退出,
                     用户名=1000000, 类名=test.lecheng.login.TheLoginTest, 方法名=toLoginTest, 输入项=[姓名=,案例编号=自动化案例-001,用户名=1000000,预期输出=登陆后，正常退出,案例编写人=jinde,账户=账户5,密码=123456,导航栏名称=首页|乐乘|登录,],
                     密码=123456, 导航栏名称=首页|乐乘|登录, 案例编写人=jinde, 账户=账户5, 测试时间=2016-12-06 15:58:49})
                  </a>
               </td>
               <td nowrap="true">15:58:49</td>
               <td nowrap="true" align="right">28s
                  
               </td>
               <td nowrap="true">
                  <a onclick="toggleDetailsVisibility('test.lecheng.login.TheLoginTest_toLoginTest_byStatus_failed_FAIL1_exception')">java.lang.ArrayIndexOutOfBoundsException: 
                     3
                     
                  </a>
                   
                  
               </td>
            </tr>
            <tr>
               <td colspan="4"
                   style="padding: 0; background-color: white; border-style: none; height: 0px;">
                  <div id="test.lecheng.login.TheLoginTest_toLoginTest_byStatus_failed_FAIL1_details"
                       class="testMethodDetails">
                     <div>
                        <b>Name:
                           
                        </b>toLoginTest
                     </div>
                     <div>
                        <b>Signature:
                           
                        </b>toLoginTest(java.util.Map)[pri:0, instance:test.lecheng.login.TheLoginTest[name=InstrumentDriverTestCase,maxpri=10]]
                     </div>
                     <div>
                        <b>Parameters:
                           
                        </b>
                        
                        {实际输出=［测试脚本]出现异常，案例执行失败！java.lang.ArrayIndexOutOfBoundsException: 3, 测试结果=FAIL, 案例编号=自动化案例-001, 姓名=, 预期输出=登陆后，正常退出, 用户名=1000000,
                        类名=test.lecheng.login.TheLoginTest, 方法名=toLoginTest, 输入项=[姓名=,案例编号=自动化案例-001,用户名=1000000,预期输出=登陆后，正常退出,案例编写人=jinde,账户=账户5,密码=123456,导航栏名称=首页|乐乘|登录,],
                        密码=123456, 导航栏名称=首页|乐乘|登录, 案例编写人=jinde, 账户=账户5, 测试时间=2016-12-06 15:58:49}
                        
                        
                     </div>
                     <div>
                        <b>Start time:
                           
                        </b>15:58:49
                     </div>
                     <div>
                        <b>End time:
                           
                        </b>15:59:17
                     </div>
                     <div>
                        <b>Duration:
                           
                        </b>28s
                        
                     </div>
                  </div>
               </td>
            </tr>
            <tr>
               <td colspan="4"
                   style="padding: 0; background-color: white; border-style: none; height: 0px;">
                  <div id="test.lecheng.login.TheLoginTest_toLoginTest_byStatus_failed_FAIL1_exception"
                       class="testMethodDetails">
                     <pre style="padding: 5px; margin: 0;">java.lang.ArrayIndexOutOfBoundsException: 3
                        	at carsmart.lecheng.login.Login.toLogin(Login.java:35)
                        	at test.lecheng.login.TheLoginTest.toLoginTest(TheLoginTest.java:26)
                        	at sun.reflect.NativeMethodAccessorImpl.invoke0(Native Method)
                        	at sun.reflect.NativeMethodAccessorImpl.invoke(NativeMethodAccessorImpl.java:57)
                        	at sun.reflect.DelegatingMethodAccessorImpl.invoke(DelegatingMethodAccessorImpl.java:43)
                        	at java.lang.reflect.Method.invoke(Method.java:606)
                        	at org.testng.internal.MethodInvocationHelper.invokeMethod(MethodInvocationHelper.java:84)
                        	at org.testng.internal.Invoker.invokeMethod(Invoker.java:714)
                        	at org.testng.internal.Invoker.invokeTestMethod(Invoker.java:901)
                        	at org.testng.internal.Invoker.invokeTestMethods(Invoker.java:1231)
                        	at org.testng.internal.TestMethodWorker.invokeTestMethods(TestMethodWorker.java:127)
                        	at org.testng.internal.TestMethodWorker.run(TestMethodWorker.java:111)
                        	at org.testng.TestRunner.privateRun(TestRunner.java:767)
                        	at org.testng.TestRunner.run(TestRunner.java:617)
                        	at org.testng.SuiteRunner.runTest(SuiteRunner.java:334)
                        	at org.testng.SuiteRunner.runSequentially(SuiteRunner.java:329)
                        	at org.testng.SuiteRunner.privateRun(SuiteRunner.java:291)
                        	at org.testng.SuiteRunner.run(SuiteRunner.java:240)
                        	at org.testng.SuiteRunnerWorker.runSuite(SuiteRunnerWorker.java:52)
                        	at org.testng.SuiteRunnerWorker.run(SuiteRunnerWorker.java:86)
                        	at org.testng.TestNG.runSuitesSequentially(TestNG.java:1224)
                        	at org.testng.TestNG.runSuitesLocally(TestNG.java:1149)
                        	at org.testng.TestNG.run(TestNG.java:1057)
                        	at org.apache.maven.surefire.testng.TestNGExecutor.run(TestNGExecutor.java:74)
                        	at org.apache.maven.surefire.testng.TestNGXmlTestSuite.execute(TestNGXmlTestSuite.java:92)
                        	at org.apache.maven.surefire.Surefire.run(Surefire.java:180)
                        	at sun.reflect.NativeMethodAccessorImpl.invoke0(Native Method)
                        	at sun.reflect.NativeMethodAccessorImpl.invoke(NativeMethodAccessorImpl.java:57)
                        	at sun.reflect.DelegatingMethodAccessorImpl.invoke(DelegatingMethodAccessorImpl.java:43)
                        	at java.lang.reflect.Method.invoke(Method.java:606)
                        	at org.apache.maven.surefire.booter.SurefireBooter.runSuitesInProcess(SurefireBooter.java:350)
                        	at org.apache.maven.surefire.booter.SurefireBooter.main(SurefireBooter.java:1021)
                     </pre>
                  </div>
               </td>
            </tr>
            <tr id="test.lecheng.login.TheLoginTest_prepareResource_byStatus_passed_PASS1_row"
                class="testMethodStatusPASS testMethodStatusCONF">
               <td width="100%" class="firstMethodCell">
                  <a onclick="toggleDetailsVisibility('test.lecheng.login.TheLoginTest_prepareResource_byStatus_passed_PASS1_details')">prepareResource()</a>
               </td>
               <td nowrap="true">15:58:48</td>
               <td nowrap="true" align="right">1s
                  
               </td>
               <td nowrap="true">
                   
                  
               </td>
            </tr>
            <tr>
               <td colspan="4"
                   style="padding: 0; background-color: white; border-style: none; height: 0px;">
                  <div id="test.lecheng.login.TheLoginTest_prepareResource_byStatus_passed_PASS1_details"
                       class="testMethodDetails">
                     <div>
                        <b>Name:
                           
                        </b>prepareResource
                     </div>
                     <div>
                        <b>Signature:
                           
                        </b>prepareResource()[pri:0, instance:test.lecheng.login.TheLoginTest[name=InstrumentDriverTestCase,maxpri=10]]
                     </div>
                     <div>
                        <b>Start time:
                           
                        </b>15:58:48
                     </div>
                     <div>
                        <b>End time:
                           
                        </b>15:58:49
                     </div>
                     <div>
                        <b>Duration:
                           
                        </b>1s
                        
                     </div>
                  </div>
               </td>
            </tr>
            <tr></tr>
            <tr id="test.lecheng.login.TheLoginTest_setUp_byStatus_passed_PASS2_row"
                class="testMethodStatusPASS testMethodStatusCONF">
               <td width="100%" class="firstMethodCell">
                  <a onclick="toggleDetailsVisibility('test.lecheng.login.TheLoginTest_setUp_byStatus_passed_PASS2_details')">setUp()</a>
               </td>
               <td nowrap="true">15:58:49</td>
               <td nowrap="true" align="right">92 ms
                  
               </td>
               <td nowrap="true">
                   
                  
               </td>
            </tr>
            <tr>
               <td colspan="4"
                   style="padding: 0; background-color: white; border-style: none; height: 0px;">
                  <div id="test.lecheng.login.TheLoginTest_setUp_byStatus_passed_PASS2_details"
                       class="testMethodDetails">
                     <div>
                        <b>Name:
                           
                        </b>setUp
                     </div>
                     <div>
                        <b>Signature:
                           
                        </b>setUp()[pri:0, instance:test.lecheng.login.TheLoginTest[name=InstrumentDriverTestCase,maxpri=10]]
                     </div>
                     <div>
                        <b>Start time:
                           
                        </b>15:58:49
                     </div>
                     <div>
                        <b>End time:
                           
                        </b>15:58:49
                     </div>
                     <div>
                        <b>Duration:
                           
                        </b>92 ms
                        
                     </div>
                  </div>
               </td>
            </tr>
            <tr></tr>
            <tr id="test.lecheng.login.TheLoginTest_tearDown_byStatus_passed_PASS3_row"
                class="testMethodStatusPASS testMethodStatusCONF">
               <td width="100%" class="firstMethodCell">
                  <a onclick="toggleDetailsVisibility('test.lecheng.login.TheLoginTest_tearDown_byStatus_passed_PASS3_details')">tearDown()</a>
               </td>
               <td nowrap="true">15:59:17</td>
               <td nowrap="true" align="right">3s
                  
               </td>
               <td nowrap="true">
                   
                  
               </td>
            </tr>
            <tr>
               <td colspan="4"
                   style="padding: 0; background-color: white; border-style: none; height: 0px;">
                  <div id="test.lecheng.login.TheLoginTest_tearDown_byStatus_passed_PASS3_details"
                       class="testMethodDetails">
                     <div>
                        <b>Name:
                           
                        </b>tearDown
                     </div>
                     <div>
                        <b>Signature:
                           
                        </b>tearDown()[pri:0, instance:test.lecheng.login.TheLoginTest[name=InstrumentDriverTestCase,maxpri=10]]
                     </div>
                     <div>
                        <b>Start time:
                           
                        </b>15:59:17
                     </div>
                     <div>
                        <b>End time:
                           
                        </b>15:59:20
                     </div>
                     <div>
                        <b>Duration:
                           
                        </b>3s
                        
                     </div>
                  </div>
               </td>
            </tr>
            <tr></tr>
            <tr id="test.lecheng.login.TheLoginTest_aftersuite_byStatus_passed_PASS4_row"
                class="testMethodStatusPASS testMethodStatusCONF">
               <td width="100%" class="firstMethodCell">
                  <a onclick="toggleDetailsVisibility('test.lecheng.login.TheLoginTest_aftersuite_byStatus_passed_PASS4_details')">aftersuite()</a>
               </td>
               <td nowrap="true">15:59:21</td>
               <td nowrap="true" align="right">2 ms
                  
               </td>
               <td nowrap="true">
                   
                  
               </td>
            </tr>
            <tr>
               <td colspan="4"
                   style="padding: 0; background-color: white; border-style: none; height: 0px;">
                  <div id="test.lecheng.login.TheLoginTest_aftersuite_byStatus_passed_PASS4_details"
                       class="testMethodDetails">
                     <div>
                        <b>Name:
                           
                        </b>aftersuite
                     </div>
                     <div>
                        <b>Signature:
                           
                        </b>aftersuite()[pri:0, instance:test.lecheng.login.TheLoginTest[name=InstrumentDriverTestCase,maxpri=10]]
                     </div>
                     <div>
                        <b>Start time:
                           
                        </b>15:59:21
                     </div>
                     <div>
                        <b>End time:
                           
                        </b>15:59:21
                     </div>
                     <div>
                        <b>Duration:
                           
                        </b>2 ms
                        
                     </div>
                  </div>
               </td>
            </tr>
            <tr></tr>
         </table>
      </div>
      <div id="testMethodsByClass" style="display: none;">
         <table class="testMethodsTable" cellpadding="0" cellspacing="0">
            <tr>
               <td colspan="4">
                  <h3 style="display: inline;">test.lecheng.login.TheLoginTest</h3>
               </td>
            </tr>
            <tr class="methodsTableHeader">
               <td width="100%">Name</td>
               <td nowrap="true">Started</td>
               <td nowrap="true">Duration</td>
               <td>Exception</td>
            </tr>
            <tr id="test.lecheng.login.TheLoginTest_prepareResource_byClass_PASS1_row"
                class="testMethodStatusPASS testMethodStatusCONF">
               <td width="100%" class="firstMethodCell">
                  <a onclick="toggleDetailsVisibility('test.lecheng.login.TheLoginTest_prepareResource_byClass_PASS1_details')">prepareResource()</a>
               </td>
               <td nowrap="true">15:58:48</td>
               <td nowrap="true" align="right">1s
                  
               </td>
               <td nowrap="true">
                   
                  
               </td>
            </tr>
            <tr>
               <td colspan="4"
                   style="padding: 0; background-color: white; border-style: none; height: 0px;">
                  <div id="test.lecheng.login.TheLoginTest_prepareResource_byClass_PASS1_details"
                       class="testMethodDetails">
                     <div>
                        <b>Name:
                           
                        </b>prepareResource
                     </div>
                     <div>
                        <b>Signature:
                           
                        </b>prepareResource()[pri:0, instance:test.lecheng.login.TheLoginTest[name=InstrumentDriverTestCase,maxpri=10]]
                     </div>
                     <div>
                        <b>Start time:
                           
                        </b>15:58:48
                     </div>
                     <div>
                        <b>End time:
                           
                        </b>15:58:49
                     </div>
                     <div>
                        <b>Duration:
                           
                        </b>1s
                        
                     </div>
                  </div>
               </td>
            </tr>
            <tr></tr>
            <tr id="test.lecheng.login.TheLoginTest_setUp_byClass_PASS2_row"
                class="testMethodStatusPASS testMethodStatusCONF">
               <td width="100%" class="firstMethodCell">
                  <a onclick="toggleDetailsVisibility('test.lecheng.login.TheLoginTest_setUp_byClass_PASS2_details')">setUp()</a>
               </td>
               <td nowrap="true">15:58:49</td>
               <td nowrap="true" align="right">92 ms
                  
               </td>
               <td nowrap="true">
                   
                  
               </td>
            </tr>
            <tr>
               <td colspan="4"
                   style="padding: 0; background-color: white; border-style: none; height: 0px;">
                  <div id="test.lecheng.login.TheLoginTest_setUp_byClass_PASS2_details"
                       class="testMethodDetails">
                     <div>
                        <b>Name:
                           
                        </b>setUp
                     </div>
                     <div>
                        <b>Signature:
                           
                        </b>setUp()[pri:0, instance:test.lecheng.login.TheLoginTest[name=InstrumentDriverTestCase,maxpri=10]]
                     </div>
                     <div>
                        <b>Start time:
                           
                        </b>15:58:49
                     </div>
                     <div>
                        <b>End time:
                           
                        </b>15:58:49
                     </div>
                     <div>
                        <b>Duration:
                           
                        </b>92 ms
                        
                     </div>
                  </div>
               </td>
            </tr>
            <tr></tr>
            <tr id="test.lecheng.login.TheLoginTest_toLoginTest_byClass_FAIL3_row"
                class="testMethodStatusFAIL">
               <td width="100%" class="firstMethodCell">
                  <a onclick="toggleDetailsVisibility('test.lecheng.login.TheLoginTest_toLoginTest_byClass_FAIL3_details')">toLoginTest({实际输出=［测试脚本]出现异常，案例执行失败！java.lang.ArrayIndexOutOfBoundsException: 3, 测试结果=FAIL, 案例编号=自动化案例-001, 姓名=, 预期输出=登陆后，正常退出,
                     用户名=1000000, 类名=test.lecheng.login.TheLoginTest, 方法名=toLoginTest, 输入项=[姓名=,案例编号=自动化案例-001,用户名=1000000,预期输出=登陆后，正常退出,案例编写人=jinde,账户=账户5,密码=123456,导航栏名称=首页|乐乘|登录,],
                     密码=123456, 导航栏名称=首页|乐乘|登录, 案例编写人=jinde, 账户=账户5, 测试时间=2016-12-06 15:58:49})
                  </a>
               </td>
               <td nowrap="true">15:58:49</td>
               <td nowrap="true" align="right">28s
                  
               </td>
               <td nowrap="true">
                  <a onclick="toggleDetailsVisibility('test.lecheng.login.TheLoginTest_toLoginTest_byClass_FAIL3_exception')">java.lang.ArrayIndexOutOfBoundsException: 
                     3
                     
                  </a>
                   
                  
               </td>
            </tr>
            <tr>
               <td colspan="4"
                   style="padding: 0; background-color: white; border-style: none; height: 0px;">
                  <div id="test.lecheng.login.TheLoginTest_toLoginTest_byClass_FAIL3_details"
                       class="testMethodDetails">
                     <div>
                        <b>Name:
                           
                        </b>toLoginTest
                     </div>
                     <div>
                        <b>Signature:
                           
                        </b>toLoginTest(java.util.Map)[pri:0, instance:test.lecheng.login.TheLoginTest[name=InstrumentDriverTestCase,maxpri=10]]
                     </div>
                     <div>
                        <b>Parameters:
                           
                        </b>
                        
                        {实际输出=［测试脚本]出现异常，案例执行失败！java.lang.ArrayIndexOutOfBoundsException: 3, 测试结果=FAIL, 案例编号=自动化案例-001, 姓名=, 预期输出=登陆后，正常退出, 用户名=1000000,
                        类名=test.lecheng.login.TheLoginTest, 方法名=toLoginTest, 输入项=[姓名=,案例编号=自动化案例-001,用户名=1000000,预期输出=登陆后，正常退出,案例编写人=jinde,账户=账户5,密码=123456,导航栏名称=首页|乐乘|登录,],
                        密码=123456, 导航栏名称=首页|乐乘|登录, 案例编写人=jinde, 账户=账户5, 测试时间=2016-12-06 15:58:49}
                        
                        
                     </div>
                     <div>
                        <b>Start time:
                           
                        </b>15:58:49
                     </div>
                     <div>
                        <b>End time:
                           
                        </b>15:59:17
                     </div>
                     <div>
                        <b>Duration:
                           
                        </b>28s
                        
                     </div>
                  </div>
               </td>
            </tr>
            <tr>
               <td colspan="4"
                   style="padding: 0; background-color: white; border-style: none; height: 0px;">
                  <div id="test.lecheng.login.TheLoginTest_toLoginTest_byClass_FAIL3_exception"
                       class="testMethodDetails">
                     <pre style="padding: 5px; margin: 0;">java.lang.ArrayIndexOutOfBoundsException: 3
                        	at carsmart.lecheng.login.Login.toLogin(Login.java:35)
                        	at test.lecheng.login.TheLoginTest.toLoginTest(TheLoginTest.java:26)
                        	at sun.reflect.NativeMethodAccessorImpl.invoke0(Native Method)
                        	at sun.reflect.NativeMethodAccessorImpl.invoke(NativeMethodAccessorImpl.java:57)
                        	at sun.reflect.DelegatingMethodAccessorImpl.invoke(DelegatingMethodAccessorImpl.java:43)
                        	at java.lang.reflect.Method.invoke(Method.java:606)
                        	at org.testng.internal.MethodInvocationHelper.invokeMethod(MethodInvocationHelper.java:84)
                        	at org.testng.internal.Invoker.invokeMethod(Invoker.java:714)
                        	at org.testng.internal.Invoker.invokeTestMethod(Invoker.java:901)
                        	at org.testng.internal.Invoker.invokeTestMethods(Invoker.java:1231)
                        	at org.testng.internal.TestMethodWorker.invokeTestMethods(TestMethodWorker.java:127)
                        	at org.testng.internal.TestMethodWorker.run(TestMethodWorker.java:111)
                        	at org.testng.TestRunner.privateRun(TestRunner.java:767)
                        	at org.testng.TestRunner.run(TestRunner.java:617)
                        	at org.testng.SuiteRunner.runTest(SuiteRunner.java:334)
                        	at org.testng.SuiteRunner.runSequentially(SuiteRunner.java:329)
                        	at org.testng.SuiteRunner.privateRun(SuiteRunner.java:291)
                        	at org.testng.SuiteRunner.run(SuiteRunner.java:240)
                        	at org.testng.SuiteRunnerWorker.runSuite(SuiteRunnerWorker.java:52)
                        	at org.testng.SuiteRunnerWorker.run(SuiteRunnerWorker.java:86)
                        	at org.testng.TestNG.runSuitesSequentially(TestNG.java:1224)
                        	at org.testng.TestNG.runSuitesLocally(TestNG.java:1149)
                        	at org.testng.TestNG.run(TestNG.java:1057)
                        	at org.apache.maven.surefire.testng.TestNGExecutor.run(TestNGExecutor.java:74)
                        	at org.apache.maven.surefire.testng.TestNGXmlTestSuite.execute(TestNGXmlTestSuite.java:92)
                        	at org.apache.maven.surefire.Surefire.run(Surefire.java:180)
                        	at sun.reflect.NativeMethodAccessorImpl.invoke0(Native Method)
                        	at sun.reflect.NativeMethodAccessorImpl.invoke(NativeMethodAccessorImpl.java:57)
                        	at sun.reflect.DelegatingMethodAccessorImpl.invoke(DelegatingMethodAccessorImpl.java:43)
                        	at java.lang.reflect.Method.invoke(Method.java:606)
                        	at org.apache.maven.surefire.booter.SurefireBooter.runSuitesInProcess(SurefireBooter.java:350)
                        	at org.apache.maven.surefire.booter.SurefireBooter.main(SurefireBooter.java:1021)
                     </pre>
                  </div>
               </td>
            </tr>
            <tr id="test.lecheng.login.TheLoginTest_tearDown_byClass_PASS4_row"
                class="testMethodStatusPASS testMethodStatusCONF">
               <td width="100%" class="firstMethodCell">
                  <a onclick="toggleDetailsVisibility('test.lecheng.login.TheLoginTest_tearDown_byClass_PASS4_details')">tearDown()</a>
               </td>
               <td nowrap="true">15:59:17</td>
               <td nowrap="true" align="right">3s
                  
               </td>
               <td nowrap="true">
                   
                  
               </td>
            </tr>
            <tr>
               <td colspan="4"
                   style="padding: 0; background-color: white; border-style: none; height: 0px;">
                  <div id="test.lecheng.login.TheLoginTest_tearDown_byClass_PASS4_details"
                       class="testMethodDetails">
                     <div>
                        <b>Name:
                           
                        </b>tearDown
                     </div>
                     <div>
                        <b>Signature:
                           
                        </b>tearDown()[pri:0, instance:test.lecheng.login.TheLoginTest[name=InstrumentDriverTestCase,maxpri=10]]
                     </div>
                     <div>
                        <b>Start time:
                           
                        </b>15:59:17
                     </div>
                     <div>
                        <b>End time:
                           
                        </b>15:59:20
                     </div>
                     <div>
                        <b>Duration:
                           
                        </b>3s
                        
                     </div>
                  </div>
               </td>
            </tr>
            <tr></tr>
            <tr id="test.lecheng.login.TheLoginTest_aftersuite_byClass_PASS5_row"
                class="testMethodStatusPASS testMethodStatusCONF">
               <td width="100%" class="firstMethodCell">
                  <a onclick="toggleDetailsVisibility('test.lecheng.login.TheLoginTest_aftersuite_byClass_PASS5_details')">aftersuite()</a>
               </td>
               <td nowrap="true">15:59:21</td>
               <td nowrap="true" align="right">2 ms
                  
               </td>
               <td nowrap="true">
                   
                  
               </td>
            </tr>
            <tr>
               <td colspan="4"
                   style="padding: 0; background-color: white; border-style: none; height: 0px;">
                  <div id="test.lecheng.login.TheLoginTest_aftersuite_byClass_PASS5_details"
                       class="testMethodDetails">
                     <div>
                        <b>Name:
                           
                        </b>aftersuite
                     </div>
                     <div>
                        <b>Signature:
                           
                        </b>aftersuite()[pri:0, instance:test.lecheng.login.TheLoginTest[name=InstrumentDriverTestCase,maxpri=10]]
                     </div>
                     <div>
                        <b>Start time:
                           
                        </b>15:59:21
                     </div>
                     <div>
                        <b>End time:
                           
                        </b>15:59:21
                     </div>
                     <div>
                        <b>Duration:
                           
                        </b>2 ms
                        
                     </div>
                  </div>
               </td>
            </tr>
            <tr></tr>
         </table>
         <br></br>
      </div>
      <div style="margin-top: 15px; color: gray; text-align: center; font-size: 9px;">
         Generated with
         
         
      </div>
   </body>
</html>